This is pdfTeX, Version 3.14159265-2.6-1.40.19 (MiKTeX 2.9.6800 64-bit) (preloaded format=pdflatex 2018.10.2)  14 DEC 2018 23:50
entering extended mode
**./project_5_silverberg.tex
(project_5_silverberg.tex
LaTeX2e <2018-04-01> patch level 5
("C:\Users\marcu\AppData\Local\Programs\MiKTeX 2.9\tex\latex\base\article.cls"
Document Class: article 2014/09/29 v1.4h Standard LaTeX document class
("C:\Users\marcu\AppData\Local\Programs\MiKTeX 2.9\tex\latex\base\size11.clo"
File: size11.clo 2014/09/29 v1.4h Standard LaTeX file (size option)
)
\c@part=\count80
\c@section=\count81
\c@subsection=\count82
\c@subsubsection=\count83
\c@paragraph=\count84
\c@subparagraph=\count85
\c@figure=\count86
\c@table=\count87
\abovecaptionskip=\skip41
\belowcaptionskip=\skip42
\bibindent=\dimen102
)
("C:\Users\marcu\AppData\Local\Programs\MiKTeX 2.9\tex\latex\graphics\graphicx.
sty"
Package: graphicx 2017/06/01 v1.1a Enhanced LaTeX Graphics (DPC,SPQR)

("C:\Users\marcu\AppData\Local\Programs\MiKTeX 2.9\tex\latex\graphics\keyval.st
y"
Package: keyval 2014/10/28 v1.15 key=value parser (DPC)
\KV@toks@=\toks14
)
("C:\Users\marcu\AppData\Local\Programs\MiKTeX 2.9\tex\latex\graphics\graphics.
sty"
Package: graphics 2017/06/25 v1.2c Standard LaTeX Graphics (DPC,SPQR)

("C:\Users\marcu\AppData\Local\Programs\MiKTeX 2.9\tex\latex\graphics\trig.sty"
Package: trig 2016/01/03 v1.10 sin cos tan (DPC)
)
("C:\Users\marcu\AppData\Local\Programs\MiKTeX 2.9\tex\latex\graphics-cfg\graph
ics.cfg"
File: graphics.cfg 2016/06/04 v1.11 sample graphics configuration
)
Package graphics Info: Driver file: pdftex.def on input line 99.

("C:\Users\marcu\AppData\Local\Programs\MiKTeX 2.9\tex\latex\graphics-def\pdfte
x.def"
File: pdftex.def 2018/01/08 v1.0l Graphics/color driver for pdftex
))
\Gin@req@height=\dimen103
\Gin@req@width=\dimen104
)
("C:\Users\marcu\AppData\Local\Programs\MiKTeX 2.9\tex\generic\babel\babel.sty"
Package: babel 2018/06/05 3.22 The Babel package
("C:\Users\marcu\AppData\Local\Programs\MiKTeX 2.9\tex\generic\babel\switch.def
"
File: switch.def 2018/06/05 3.22 Babel switching mechanism
)
*************************************
* Local config file bblopts.cfg used
*
("C:\Users\marcu\AppData\Local\Programs\MiKTeX 2.9\tex\latex\arabi\bblopts.cfg"
File: bblopts.cfg 2005/09/08 v0.1 add Arabic and Farsi to "declared" options of
 babel
)
("C:\Users\marcu\AppData\Local\Programs\MiKTeX 2.9\tex\latex\babel-english\engl
ish.ldf"
Language: english 2017/06/06 v3.3r English support from the babel system

("C:\Users\marcu\AppData\Local\Programs\MiKTeX 2.9\tex\generic\babel\babel.def"
File: babel.def 2018/06/05 3.22 Babel common definitions
\babel@savecnt=\count88
\U@D=\dimen105

("C:\Users\marcu\AppData\Local\Programs\MiKTeX 2.9\tex\generic\babel\txtbabel.d
ef")
\bbl@dirlevel=\count89
)
\l@canadian = a dialect from \language\l@american 
\l@australian = a dialect from \language\l@british 
\l@newzealand = a dialect from \language\l@british 
))
("C:\Users\marcu\AppData\Local\Programs\MiKTeX 2.9\tex\latex\subfig\subfig.sty"
Package: subfig 2005/06/28 ver: 1.3 subfig package

("C:\Users\marcu\AppData\Local\Programs\MiKTeX 2.9\tex\latex\caption\caption.st
y"
Package: caption 2018/05/01 v3.3-147 Customizing captions (AR)

("C:\Users\marcu\AppData\Local\Programs\MiKTeX 2.9\tex\latex\caption\caption3.s
ty"
Package: caption3 2018/05/27 v1.8a caption3 kernel (AR)
Package caption3 Info: TeX engine: e-TeX on input line 64.
\captionmargin=\dimen106
\captionmargin@=\dimen107
\captionwidth=\dimen108
\caption@tempdima=\dimen109
\caption@indent=\dimen110
\caption@parindent=\dimen111
\caption@hangindent=\dimen112
)
\c@ContinuedFloat=\count90
)
\c@KVtest=\count91
\sf@farskip=\skip43
\sf@captopadj=\dimen113
\sf@capskip=\skip44
\sf@nearskip=\skip45
\c@subfigure=\count92
\c@subfigure@save=\count93
\c@lofdepth=\count94
\c@subtable=\count95
\c@subtable@save=\count96
\c@lotdepth=\count97
\sf@top=\skip46
\sf@bottom=\skip47
)
("C:\Users\marcu\AppData\Local\Programs\MiKTeX 2.9\tex\latex\placeins\placeins.
sty"
Package: placeins 2005/04/18  v 2.2
)
("C:\Users\marcu\AppData\Local\Programs\MiKTeX 2.9\tex\latex\amsmath\amsmath.st
y"
Package: amsmath 2017/09/02 v2.17a AMS math features
\@mathmargin=\skip48

For additional information on amsmath, use the `?' option.

("C:\Users\marcu\AppData\Local\Programs\MiKTeX 2.9\tex\latex\amsmath\amstext.st
y"
Package: amstext 2000/06/29 v2.01 AMS text

("C:\Users\marcu\AppData\Local\Programs\MiKTeX 2.9\tex\latex\amsmath\amsgen.sty
"
File: amsgen.sty 1999/11/30 v2.0 generic functions
\@emptytoks=\toks15
\ex@=\dimen114
))
("C:\Users\marcu\AppData\Local\Programs\MiKTeX 2.9\tex\latex\amsmath\amsbsy.sty
"
Package: amsbsy 1999/11/29 v1.2d Bold Symbols
\pmbraise@=\dimen115
)
("C:\Users\marcu\AppData\Local\Programs\MiKTeX 2.9\tex\latex\amsmath\amsopn.sty
"
Package: amsopn 2016/03/08 v2.02 operator names
)
\inf@bad=\count98
LaTeX Info: Redefining \frac on input line 213.
\uproot@=\count99
\leftroot@=\count100
LaTeX Info: Redefining \overline on input line 375.
\classnum@=\count101
\DOTSCASE@=\count102
LaTeX Info: Redefining \ldots on input line 472.
LaTeX Info: Redefining \dots on input line 475.
LaTeX Info: Redefining \cdots on input line 596.
\Mathstrutbox@=\box26
\strutbox@=\box27
\big@size=\dimen116
LaTeX Font Info:    Redeclaring font encoding OML on input line 712.
LaTeX Font Info:    Redeclaring font encoding OMS on input line 713.
\macc@depth=\count103
\c@MaxMatrixCols=\count104
\dotsspace@=\muskip10
\c@parentequation=\count105
\dspbrk@lvl=\count106
\tag@help=\toks16
\row@=\count107
\column@=\count108
\maxfields@=\count109
\andhelp@=\toks17
\eqnshift@=\dimen117
\alignsep@=\dimen118
\tagshift@=\dimen119
\tagwidth@=\dimen120
\totwidth@=\dimen121
\lineht@=\dimen122
\@envbody=\toks18
\multlinegap=\skip49
\multlinetaggap=\skip50
\mathdisplay@stack=\toks19
LaTeX Info: Redefining \[ on input line 2817.
LaTeX Info: Redefining \] on input line 2818.
) ("C:\Users\marcu\AppData\Local\Programs\MiKTeX 2.9\tex\latex\url\url.sty"
\Urlmuskip=\muskip11
Package: url 2013/09/16  ver 3.4  Verb mode for urls, etc.
)
("C:\Users\marcu\AppData\Local\Programs\MiKTeX 2.9\tex\latex\float\float.sty"
Package: float 2001/11/08 v1.3d Float enhancements (AL)
\c@float@type=\count110
\float@exts=\toks20
\float@box=\box28
\@float@everytoks=\toks21
\@floatcapt=\box29
)
("C:\Users\marcu\AppData\Local\Programs\MiKTeX 2.9\tex\latex\base\textcomp.sty"
Package: textcomp 2017/04/05 v2.0i Standard LaTeX package
Package textcomp Info: Sub-encoding information:
(textcomp)               5 = only ISO-Adobe without \textcurrency
(textcomp)               4 = 5 + \texteuro
(textcomp)               3 = 4 + \textohm
(textcomp)               2 = 3 + \textestimated + \textcurrency
(textcomp)               1 = TS1 - \textcircled - \t
(textcomp)               0 = TS1 (full)
(textcomp)             Font families with sub-encoding setting implement
(textcomp)             only a restricted character set as indicated.
(textcomp)             Family '?' is the default used for unknown fonts.
(textcomp)             See the documentation for details.
Package textcomp Info: Setting ? sub-encoding to TS1/1 on input line 79.
("C:\Users\marcu\AppData\Local\Programs\MiKTeX 2.9\tex\latex\base\ts1enc.def"
File: ts1enc.def 2001/06/05 v3.0e (jk/car/fm) Standard LaTeX file
Now handling font encoding TS1 ...
... processing UTF-8 mapping file for font encoding TS1

("C:\Users\marcu\AppData\Local\Programs\MiKTeX 2.9\tex\latex\base\ts1enc.dfu"
File: ts1enc.dfu 2018/04/05 v1.2c UTF-8 support for inputenc
   defining Unicode char U+00A2 (decimal 162)
   defining Unicode char U+00A3 (decimal 163)
   defining Unicode char U+00A4 (decimal 164)
   defining Unicode char U+00A5 (decimal 165)
   defining Unicode char U+00A6 (decimal 166)
   defining Unicode char U+00A7 (decimal 167)
   defining Unicode char U+00A8 (decimal 168)
   defining Unicode char U+00A9 (decimal 169)
   defining Unicode char U+00AA (decimal 170)
   defining Unicode char U+00AC (decimal 172)
   defining Unicode char U+00AE (decimal 174)
   defining Unicode char U+00AF (decimal 175)
   defining Unicode char U+00B0 (decimal 176)
   defining Unicode char U+00B1 (decimal 177)
   defining Unicode char U+00B2 (decimal 178)
   defining Unicode char U+00B3 (decimal 179)
   defining Unicode char U+00B4 (decimal 180)
   defining Unicode char U+00B5 (decimal 181)
   defining Unicode char U+00B6 (decimal 182)
   defining Unicode char U+00B7 (decimal 183)
   defining Unicode char U+00B9 (decimal 185)
   defining Unicode char U+00BA (decimal 186)
   defining Unicode char U+00BC (decimal 188)
   defining Unicode char U+00BD (decimal 189)
   defining Unicode char U+00BE (decimal 190)
   defining Unicode char U+00D7 (decimal 215)
   defining Unicode char U+00F7 (decimal 247)
   defining Unicode char U+0192 (decimal 402)
   defining Unicode char U+02C7 (decimal 711)
   defining Unicode char U+02D8 (decimal 728)
   defining Unicode char U+02DD (decimal 733)
   defining Unicode char U+0E3F (decimal 3647)
   defining Unicode char U+2016 (decimal 8214)
   defining Unicode char U+2020 (decimal 8224)
   defining Unicode char U+2021 (decimal 8225)
   defining Unicode char U+2022 (decimal 8226)
   defining Unicode char U+2030 (decimal 8240)
   defining Unicode char U+2031 (decimal 8241)
   defining Unicode char U+203B (decimal 8251)
   defining Unicode char U+203D (decimal 8253)
   defining Unicode char U+2044 (decimal 8260)
   defining Unicode char U+204E (decimal 8270)
   defining Unicode char U+2052 (decimal 8274)
   defining Unicode char U+20A1 (decimal 8353)
   defining Unicode char U+20A4 (decimal 8356)
   defining Unicode char U+20A6 (decimal 8358)
   defining Unicode char U+20A9 (decimal 8361)
   defining Unicode char U+20AB (decimal 8363)
   defining Unicode char U+20AC (decimal 8364)
   defining Unicode char U+20B1 (decimal 8369)
   defining Unicode char U+2103 (decimal 8451)
   defining Unicode char U+2116 (decimal 8470)
   defining Unicode char U+2117 (decimal 8471)
   defining Unicode char U+211E (decimal 8478)
   defining Unicode char U+2120 (decimal 8480)
   defining Unicode char U+2122 (decimal 8482)
   defining Unicode char U+2126 (decimal 8486)
   defining Unicode char U+2127 (decimal 8487)
   defining Unicode char U+212E (decimal 8494)
   defining Unicode char U+2190 (decimal 8592)
   defining Unicode char U+2191 (decimal 8593)
   defining Unicode char U+2192 (decimal 8594)
   defining Unicode char U+2193 (decimal 8595)
   defining Unicode char U+2329 (decimal 9001)
   defining Unicode char U+232A (decimal 9002)
   defining Unicode char U+2422 (decimal 9250)
   defining Unicode char U+25E6 (decimal 9702)
   defining Unicode char U+25EF (decimal 9711)
   defining Unicode char U+266A (decimal 9834)
   defining Unicode char U+FEFF (decimal 65279)
))
LaTeX Info: Redefining \oldstylenums on input line 334.
Package textcomp Info: Setting cmr sub-encoding to TS1/0 on input line 349.
Package textcomp Info: Setting cmss sub-encoding to TS1/0 on input line 350.
Package textcomp Info: Setting cmtt sub-encoding to TS1/0 on input line 351.
Package textcomp Info: Setting cmvtt sub-encoding to TS1/0 on input line 352.
Package textcomp Info: Setting cmbr sub-encoding to TS1/0 on input line 353.
Package textcomp Info: Setting cmtl sub-encoding to TS1/0 on input line 354.
Package textcomp Info: Setting ccr sub-encoding to TS1/0 on input line 355.
Package textcomp Info: Setting ptm sub-encoding to TS1/4 on input line 356.
Package textcomp Info: Setting pcr sub-encoding to TS1/4 on input line 357.
Package textcomp Info: Setting phv sub-encoding to TS1/4 on input line 358.
Package textcomp Info: Setting ppl sub-encoding to TS1/3 on input line 359.
Package textcomp Info: Setting pag sub-encoding to TS1/4 on input line 360.
Package textcomp Info: Setting pbk sub-encoding to TS1/4 on input line 361.
Package textcomp Info: Setting pnc sub-encoding to TS1/4 on input line 362.
Package textcomp Info: Setting pzc sub-encoding to TS1/4 on input line 363.
Package textcomp Info: Setting bch sub-encoding to TS1/4 on input line 364.
Package textcomp Info: Setting put sub-encoding to TS1/5 on input line 365.
Package textcomp Info: Setting uag sub-encoding to TS1/5 on input line 366.
Package textcomp Info: Setting ugq sub-encoding to TS1/5 on input line 367.
Package textcomp Info: Setting ul8 sub-encoding to TS1/4 on input line 368.
Package textcomp Info: Setting ul9 sub-encoding to TS1/4 on input line 369.
Package textcomp Info: Setting augie sub-encoding to TS1/5 on input line 370.
Package textcomp Info: Setting dayrom sub-encoding to TS1/3 on input line 371.
Package textcomp Info: Setting dayroms sub-encoding to TS1/3 on input line 372.

Package textcomp Info: Setting pxr sub-encoding to TS1/0 on input line 373.
Package textcomp Info: Setting pxss sub-encoding to TS1/0 on input line 374.
Package textcomp Info: Setting pxtt sub-encoding to TS1/0 on input line 375.
Package textcomp Info: Setting txr sub-encoding to TS1/0 on input line 376.
Package textcomp Info: Setting txss sub-encoding to TS1/0 on input line 377.
Package textcomp Info: Setting txtt sub-encoding to TS1/0 on input line 378.
Package textcomp Info: Setting lmr sub-encoding to TS1/0 on input line 379.
Package textcomp Info: Setting lmdh sub-encoding to TS1/0 on input line 380.
Package textcomp Info: Setting lmss sub-encoding to TS1/0 on input line 381.
Package textcomp Info: Setting lmssq sub-encoding to TS1/0 on input line 382.
Package textcomp Info: Setting lmvtt sub-encoding to TS1/0 on input line 383.
Package textcomp Info: Setting lmtt sub-encoding to TS1/0 on input line 384.
Package textcomp Info: Setting qhv sub-encoding to TS1/0 on input line 385.
Package textcomp Info: Setting qag sub-encoding to TS1/0 on input line 386.
Package textcomp Info: Setting qbk sub-encoding to TS1/0 on input line 387.
Package textcomp Info: Setting qcr sub-encoding to TS1/0 on input line 388.
Package textcomp Info: Setting qcs sub-encoding to TS1/0 on input line 389.
Package textcomp Info: Setting qpl sub-encoding to TS1/0 on input line 390.
Package textcomp Info: Setting qtm sub-encoding to TS1/0 on input line 391.
Package textcomp Info: Setting qzc sub-encoding to TS1/0 on input line 392.
Package textcomp Info: Setting qhvc sub-encoding to TS1/0 on input line 393.
Package textcomp Info: Setting futs sub-encoding to TS1/4 on input line 394.
Package textcomp Info: Setting futx sub-encoding to TS1/4 on input line 395.
Package textcomp Info: Setting futj sub-encoding to TS1/4 on input line 396.
Package textcomp Info: Setting hlh sub-encoding to TS1/3 on input line 397.
Package textcomp Info: Setting hls sub-encoding to TS1/3 on input line 398.
Package textcomp Info: Setting hlst sub-encoding to TS1/3 on input line 399.
Package textcomp Info: Setting hlct sub-encoding to TS1/5 on input line 400.
Package textcomp Info: Setting hlx sub-encoding to TS1/5 on input line 401.
Package textcomp Info: Setting hlce sub-encoding to TS1/5 on input line 402.
Package textcomp Info: Setting hlcn sub-encoding to TS1/5 on input line 403.
Package textcomp Info: Setting hlcw sub-encoding to TS1/5 on input line 404.
Package textcomp Info: Setting hlcf sub-encoding to TS1/5 on input line 405.
Package textcomp Info: Setting pplx sub-encoding to TS1/3 on input line 406.
Package textcomp Info: Setting pplj sub-encoding to TS1/3 on input line 407.
Package textcomp Info: Setting ptmx sub-encoding to TS1/4 on input line 408.
Package textcomp Info: Setting ptmj sub-encoding to TS1/4 on input line 409.
)
("C:\Users\marcu\AppData\Local\Programs\MiKTeX 2.9\tex\latex\hyperref\hyperref.
sty"
Package: hyperref 2018/02/06 v6.86b Hypertext links for LaTeX

("C:\Users\marcu\AppData\Local\Programs\MiKTeX 2.9\tex\generic\oberdiek\hobsub-
hyperref.sty"
Package: hobsub-hyperref 2016/05/16 v1.14 Bundle oberdiek, subset hyperref (HO)


("C:\Users\marcu\AppData\Local\Programs\MiKTeX 2.9\tex\generic\oberdiek\hobsub-
generic.sty"
Package: hobsub-generic 2016/05/16 v1.14 Bundle oberdiek, subset generic (HO)
Package: hobsub 2016/05/16 v1.14 Construct package bundles (HO)
Package: infwarerr 2016/05/16 v1.4 Providing info/warning/error messages (HO)
Package: ltxcmds 2016/05/16 v1.23 LaTeX kernel commands for general use (HO)
Package: ifluatex 2016/05/16 v1.4 Provides the ifluatex switch (HO)
Package ifluatex Info: LuaTeX not detected.
Package: ifvtex 2016/05/16 v1.6 Detect VTeX and its facilities (HO)
Package ifvtex Info: VTeX not detected.
Package: intcalc 2016/05/16 v1.2 Expandable calculations with integers (HO)
Package: ifpdf 2017/03/15 v3.2 Provides the ifpdf switch
Package: etexcmds 2016/05/16 v1.6 Avoid name clashes with e-TeX commands (HO)
Package etexcmds Info: Could not find \expanded.
(etexcmds)             That can mean that you are not using pdfTeX 1.50 or
(etexcmds)             that some package has redefined \expanded.
(etexcmds)             In the latter case, load this package earlier.
Package: kvsetkeys 2016/05/16 v1.17 Key value parser (HO)
Package: kvdefinekeys 2016/05/16 v1.4 Define keys (HO)
Package: pdftexcmds 2018/01/30 v0.27 Utility functions of pdfTeX for LuaTeX (HO
)
Package pdftexcmds Info: LuaTeX not detected.
Package pdftexcmds Info: \pdf@primitive is available.
Package pdftexcmds Info: \pdf@ifprimitive is available.
Package pdftexcmds Info: \pdfdraftmode found.
Package: pdfescape 2016/05/16 v1.14 Implements pdfTeX's escape features (HO)
Package: bigintcalc 2016/05/16 v1.4 Expandable calculations on big integers (HO
)
Package: bitset 2016/05/16 v1.2 Handle bit-vector datatype (HO)
Package: uniquecounter 2016/05/16 v1.3 Provide unlimited unique counter (HO)
)
Package hobsub Info: Skipping package `hobsub' (already loaded).
Package: letltxmacro 2016/05/16 v1.5 Let assignment for LaTeX macros (HO)
Package: hopatch 2016/05/16 v1.3 Wrapper for package hooks (HO)
Package: xcolor-patch 2016/05/16 xcolor patch
Package: atveryend 2016/05/16 v1.9 Hooks at the very end of document (HO)
Package atveryend Info: \enddocument detected (standard20110627).
Package: atbegshi 2016/06/09 v1.18 At begin shipout hook (HO)
Package: refcount 2016/05/16 v3.5 Data extraction from label references (HO)
Package: hycolor 2016/05/16 v1.8 Color options for hyperref/bookmark (HO)
)
("C:\Users\marcu\AppData\Local\Programs\MiKTeX 2.9\tex\generic\ifxetex\ifxetex.
sty"
Package: ifxetex 2010/09/12 v0.6 Provides ifxetex conditional
)
("C:\Users\marcu\AppData\Local\Programs\MiKTeX 2.9\tex\latex\oberdiek\auxhook.s
ty"
Package: auxhook 2016/05/16 v1.4 Hooks for auxiliary files (HO)
)
("C:\Users\marcu\AppData\Local\Programs\MiKTeX 2.9\tex\latex\oberdiek\kvoptions
.sty"
Package: kvoptions 2016/05/16 v3.12 Key value format for package options (HO)
)
\@linkdim=\dimen123
\Hy@linkcounter=\count111
\Hy@pagecounter=\count112

("C:\Users\marcu\AppData\Local\Programs\MiKTeX 2.9\tex\latex\hyperref\pd1enc.de
f"
File: pd1enc.def 2018/02/06 v6.86b Hyperref: PDFDocEncoding definition (HO)
Now handling font encoding PD1 ...
... no UTF-8 mapping file for font encoding PD1
)
\Hy@SavedSpaceFactor=\count113

("C:\Users\marcu\AppData\Local\Programs\MiKTeX 2.9\tex\latex\00miktex\hyperref.
cfg"
File: hyperref.cfg 2002/06/06 v1.2 hyperref configuration of TeXLive
)
Package hyperref Info: Hyper figures OFF on input line 4509.
Package hyperref Info: Link nesting OFF on input line 4514.
Package hyperref Info: Hyper index ON on input line 4517.
Package hyperref Info: Plain pages OFF on input line 4524.
Package hyperref Info: Backreferencing OFF on input line 4529.
Package hyperref Info: Implicit mode ON; LaTeX internals redefined.
Package hyperref Info: Bookmarks ON on input line 4762.
\c@Hy@tempcnt=\count114
LaTeX Info: Redefining \url on input line 5115.
\XeTeXLinkMargin=\dimen124
\Fld@menulength=\count115
\Field@Width=\dimen125
\Fld@charsize=\dimen126
Package hyperref Info: Hyper figures OFF on input line 6369.
Package hyperref Info: Link nesting OFF on input line 6374.
Package hyperref Info: Hyper index ON on input line 6377.
Package hyperref Info: backreferencing OFF on input line 6384.
Package hyperref Info: Link coloring OFF on input line 6389.
Package hyperref Info: Link coloring with OCG OFF on input line 6394.
Package hyperref Info: PDF/A mode OFF on input line 6399.
LaTeX Info: Redefining \ref on input line 6439.
LaTeX Info: Redefining \pageref on input line 6443.
\Hy@abspage=\count116
\c@Item=\count117
\c@Hfootnote=\count118
)
Package hyperref Info: Driver (autodetected): hpdftex.

("C:\Users\marcu\AppData\Local\Programs\MiKTeX 2.9\tex\latex\hyperref\hpdftex.d
ef"
File: hpdftex.def 2018/02/06 v6.86b Hyperref driver for pdfTeX
\Fld@listcount=\count119
\c@bookmark@seq@number=\count120

("C:\Users\marcu\AppData\Local\Programs\MiKTeX 2.9\tex\latex\oberdiek\rerunfile
check.sty"
Package: rerunfilecheck 2016/05/16 v1.8 Rerun checks for auxiliary files (HO)
Package uniquecounter Info: New unique counter `rerunfilecheck' on input line 2
82.
)
\Hy@SectionHShift=\skip51
) (project_5_silverberg.aux)
\openout1 = `project_5_silverberg.aux'.

LaTeX Font Info:    Checking defaults for OML/cmm/m/it on input line 17.
LaTeX Font Info:    ... okay on input line 17.
LaTeX Font Info:    Checking defaults for T1/cmr/m/n on input line 17.
LaTeX Font Info:    ... okay on input line 17.
LaTeX Font Info:    Checking defaults for OT1/cmr/m/n on input line 17.
LaTeX Font Info:    ... okay on input line 17.
LaTeX Font Info:    Checking defaults for OMS/cmsy/m/n on input line 17.
LaTeX Font Info:    ... okay on input line 17.
LaTeX Font Info:    Checking defaults for OMX/cmex/m/n on input line 17.
LaTeX Font Info:    ... okay on input line 17.
LaTeX Font Info:    Checking defaults for U/cmr/m/n on input line 17.
LaTeX Font Info:    ... okay on input line 17.
LaTeX Font Info:    Checking defaults for TS1/cmr/m/n on input line 17.
LaTeX Font Info:    Try loading font information for TS1+cmr on input line 17.

("C:\Users\marcu\AppData\Local\Programs\MiKTeX 2.9\tex\latex\base\ts1cmr.fd"
File: ts1cmr.fd 2014/09/29 v2.5h Standard LaTeX font definitions
)
LaTeX Font Info:    ... okay on input line 17.
LaTeX Font Info:    Checking defaults for PD1/pdf/m/n on input line 17.
LaTeX Font Info:    ... okay on input line 17.

("C:\Users\marcu\AppData\Local\Programs\MiKTeX 2.9\tex\context\base\supp-pdf.mk
ii"
[Loading MPS to PDF converter (version 2006.09.02).]
\scratchcounter=\count121
\scratchdimen=\dimen127
\scratchbox=\box30
\nofMPsegments=\count122
\nofMParguments=\count123
\everyMPshowfont=\toks22
\MPscratchCnt=\count124
\MPscratchDim=\dimen128
\MPnumerator=\count125
\makeMPintoPDFobject=\count126
\everyMPtoPDFconversion=\toks23
)
("C:\Users\marcu\AppData\Local\Programs\MiKTeX 2.9\tex\latex\oberdiek\epstopdf-
base.sty"
Package: epstopdf-base 2016/05/15 v2.6 Base part for package epstopdf

("C:\Users\marcu\AppData\Local\Programs\MiKTeX 2.9\tex\latex\oberdiek\grfext.st
y"
Package: grfext 2016/05/16 v1.2 Manage graphics extensions (HO)
)
Package epstopdf-base Info: Redefining graphics rule for `.eps' on input line 4
38.
Package grfext Info: Graphics extension search list:
(grfext)             [.pdf,.png,.jpg,.mps,.jpeg,.jbig2,.jb2,.PDF,.PNG,.JPG,.JPE
G,.JBIG2,.JB2,.eps]
(grfext)             \AppendGraphicsExtensions on input line 456.
)
Package caption Info: Begin \AtBeginDocument code.
Package caption Info: subfig package v1.3 is loaded.
Package caption Info: float package is loaded.
Package caption Info: hyperref package is loaded.
Package caption Info: End \AtBeginDocument code.
\AtBeginShipoutBox=\box31
Package hyperref Info: Link coloring OFF on input line 17.

("C:\Users\marcu\AppData\Local\Programs\MiKTeX 2.9\tex\latex\hyperref\nameref.s
ty"
Package: nameref 2016/05/21 v2.44 Cross-referencing by name of section

("C:\Users\marcu\AppData\Local\Programs\MiKTeX 2.9\tex\generic\oberdiek\gettitl
estring.sty"
Package: gettitlestring 2016/05/16 v1.5 Cleanup title references (HO)
)
\c@section@level=\count127
)
LaTeX Info: Redefining \ref on input line 17.
LaTeX Info: Redefining \pageref on input line 17.
LaTeX Info: Redefining \nameref on input line 17.
 (project_5_silverberg.out) (project_5_silverberg.out)
\@outlinefile=\write3
\openout3 = `project_5_silverberg.out'.


Underfull \hbox (badness 10000) in paragraph at lines 26--28

 []


Underfull \hbox (badness 10000) in paragraph at lines 30--32

 []

[1

{C:/Users/marcu/AppData/Local/MiKTeX/2.9/pdftex/config/pdftex.map}]
(project_5_silverberg.toc)
\tf@toc=\write4
\openout4 = `project_5_silverberg.toc'.

 [2]
Underfull \hbox (badness 10000) in paragraph at lines 39--41

 []


Underfull \hbox (badness 10000) in paragraph at lines 43--45

 []


Underfull \hbox (badness 10000) in paragraph at lines 46--46
[][][][]$\OT1/cmtt/m/n/9 https : / / www . theguardian . com / inequality / 201
7 / nov / 14 /
 []

[3] [4]
Underfull \hbox (badness 10000) in paragraph at lines 94--96

 []


Underfull \hbox (badness 10000) in paragraph at lines 107--109

 []


Underfull \hbox (badness 10000) in paragraph at lines 110--112

 []

[5]
Underfull \hbox (badness 10000) in paragraph at lines 133--135

 []


Underfull \hbox (badness 10000) in paragraph at lines 152--154

 []

[6]
Overfull \hbox (30.91077pt too wide) in paragraph at lines 178--178
[]         \OT1/cmtt/m/n/10.95 Separate file for parallel computation for a set
 of values.[] 
 []

<figures/var_1000c_15000t.png, id=146, 387.849pt x 277.9986pt>
File: figures/var_1000c_15000t.png Graphic file (type png)
<use figures/var_1000c_15000t.png>
Package pdftex.def Info: figures/var_1000c_15000t.png  used on input line 187.
(pdftex.def)             Requested size: 180.0pt x 129.01773pt.
<figures/cycles_1000c_10000t.png, id=148, 969.6225pt x 694.9965pt>
File: figures/cycles_1000c_10000t.png Graphic file (type png)
<use figures/cycles_1000c_10000t.png>
Package pdftex.def Info: figures/cycles_1000c_10000t.png  used on input line 18
9.
(pdftex.def)             Requested size: 180.0pt x 129.01773pt.
[7]
<figures/dist_1000c_10000t.png, id=154, 985.88326pt x 659.46375pt>
File: figures/dist_1000c_10000t.png Graphic file (type png)
<use figures/dist_1000c_10000t.png>
Package pdftex.def Info: figures/dist_1000c_10000t.png  used on input line 196.

(pdftex.def)             Requested size: 180.0pt x 120.39893pt.
<figures/log_dist_1000c_10000t.png, id=155, 987.69pt x 659.46375pt>
File: figures/log_dist_1000c_10000t.png Graphic file (type png)
<use figures/log_dist_1000c_10000t.png>
Package pdftex.def Info: figures/log_dist_1000c_10000t.png  used on input line 
198.
(pdftex.def)             Requested size: 180.0pt x 120.17755pt.
<figures/saving_1000c_100000t.png, id=156, 401.3394pt x 263.7855pt>
File: figures/saving_1000c_100000t.png Graphic file (type png)
<use figures/saving_1000c_100000t.png>
Package pdftex.def Info: figures/saving_1000c_100000t.png  used on input line 2
08.
(pdftex.def)             Requested size: 401.33841pt x 263.78485pt.

Overfull \hbox (41.33841pt too wide) in paragraph at lines 208--209
[][] 
 []

[8 <./figures/var_1000c_15000t.png> <./figures/cycles_1000c_10000t.png> <./figu
res/dist_1000c_10000t.png> <./figures/log_dist_1000c_10000t.png>]
<figures/saving_tail_1000c_100000t_025.png, id=173, 412.1799pt x 263.7855pt>
File: figures/saving_tail_1000c_100000t_025.png Graphic file (type png)
<use figures/saving_tail_1000c_100000t_025.png>
Package pdftex.def Info: figures/saving_tail_1000c_100000t_025.png  used on inp
ut line 217.
(pdftex.def)             Requested size: 180.0pt x 115.19656pt.
<figures/saving_tail_1000c_100000t_05.png, id=174, 411.939pt x 263.7855pt>
File: figures/saving_tail_1000c_100000t_05.png Graphic file (type png)
<use figures/saving_tail_1000c_100000t_05.png>
Package pdftex.def Info: figures/saving_tail_1000c_100000t_05.png  used on inpu
t line 219.
(pdftex.def)             Requested size: 180.0pt x 115.26096pt.
<figures/relationship_1000c_200000t.png, id=175, 395.3169pt x 264.0264pt>
File: figures/relationship_1000c_200000t.png Graphic file (type png)
<use figures/relationship_1000c_200000t.png>
Package pdftex.def Info: figures/relationship_1000c_200000t.png  used on input 
line 229.
(pdftex.def)             Requested size: 395.31592pt x 264.02574pt.

Overfull \hbox (35.31592pt too wide) in paragraph at lines 229--230
[][] 
 []

[9 <./figures/saving_1000c_100000t.png> <./figures/saving_tail_1000c_100000t_02
5.png> <./figures/saving_tail_1000c_100000t_05.png>]
<figures/relationship_tail_1000c_200000t_05.png, id=188, 412.1799pt x 263.7855p
t>
File: figures/relationship_tail_1000c_200000t_05.png Graphic file (type png)
<use figures/relationship_tail_1000c_200000t_05.png>
Package pdftex.def Info: figures/relationship_tail_1000c_200000t_05.png  used o
n input line 237.
(pdftex.def)             Requested size: 180.0pt x 115.19656pt.
<figures/relationship_tail_1000c_200000t_015.png, id=189, 412.4208pt x 263.7855
pt>
File: figures/relationship_tail_1000c_200000t_015.png Graphic file (type png)
<use figures/relationship_tail_1000c_200000t_015.png>
Package pdftex.def Info: figures/relationship_tail_1000c_200000t_015.png  used 
on input line 239.
(pdftex.def)             Requested size: 180.0pt x 115.13216pt.
 [10 <./figures/relationship_1000c_200000t.png>]
<figures/relationship_mem_1000c_1000000t_nosave_a2.png, id=196, 395.3169pt x 26
4.0264pt>
File: figures/relationship_mem_1000c_1000000t_nosave_a2.png Graphic file (type 
png)
<use figures/relationship_mem_1000c_1000000t_nosave_a2.png>
Package pdftex.def Info: figures/relationship_mem_1000c_1000000t_nosave_a2.png 
 used on input line 248.
(pdftex.def)             Requested size: 395.31592pt x 264.02574pt.

Overfull \hbox (35.31592pt too wide) in paragraph at lines 248--249
[][] 
 []

[11 <./figures/relationship_tail_1000c_200000t_05.png> <./figures/relationship_
tail_1000c_200000t_015.png>]
<figures/relationship_mem_tail_1000c_1000000t_nosave_a2_g1.png, id=206, 412.420
8pt x 263.7855pt>
File: figures/relationship_mem_tail_1000c_1000000t_nosave_a2_g1.png Graphic fil
e (type png)
<use figures/relationship_mem_tail_1000c_1000000t_nosave_a2_g1.png>
Package pdftex.def Info: figures/relationship_mem_tail_1000c_1000000t_nosave_a2
_g1.png  used on input line 254.
(pdftex.def)             Requested size: 180.0pt x 115.13216pt.
<figures/relationship_mem_tail_1000c_1000000t_nosave_a2_g2.png, id=207, 412.179
9pt x 263.7855pt>
File: figures/relationship_mem_tail_1000c_1000000t_nosave_a2_g2.png Graphic fil
e (type png)
<use figures/relationship_mem_tail_1000c_1000000t_nosave_a2_g2.png>
Package pdftex.def Info: figures/relationship_mem_tail_1000c_1000000t_nosave_a2
_g2.png  used on input line 256.
(pdftex.def)             Requested size: 180.0pt x 115.19656pt.

Underfull \hbox (badness 10000) in paragraph at lines 262--264

 []

[12 <./figures/relationship_mem_1000c_1000000t_nosave_a2.png> <./figures/relati
onship_mem_tail_1000c_1000000t_nosave_a2_g1.png> <./figures/relationship_mem_ta
il_1000c_1000000t_nosave_a2_g2.png>]
Underfull \hbox (badness 10000) in paragraph at lines 265--267

 []


Underfull \hbox (badness 10000) in paragraph at lines 268--270

 []


Underfull \hbox (badness 10000) in paragraph at lines 271--273

 []


Underfull \hbox (badness 10000) in paragraph at lines 274--276

 []

[13]
Underfull \hbox (badness 10000) in paragraph at lines 280--282

 []


Underfull \hbox (badness 10000) in paragraph at lines 283--285

 []

<figures/relationship_save_1000c_200000t.png, id=224, 395.076pt x 264.0264pt>
File: figures/relationship_save_1000c_200000t.png Graphic file (type png)
<use figures/relationship_save_1000c_200000t.png>
Package pdftex.def Info: figures/relationship_save_1000c_200000t.png  used on i
nput line 292.
(pdftex.def)             Requested size: 395.07503pt x 264.02574pt.

Overfull \hbox (35.07503pt too wide) in paragraph at lines 292--293
[][] 
 []

[14]
<figures/relationship_save_tail_1000c_200000t_005.png, id=229, 395.076pt x 263.
7855pt>
File: figures/relationship_save_tail_1000c_200000t_005.png Graphic file (type p
ng)
<use figures/relationship_save_tail_1000c_200000t_005.png>
Package pdftex.def Info: figures/relationship_save_tail_1000c_200000t_005.png  
used on input line 298.
(pdftex.def)             Requested size: 180.0pt x 120.18358pt.
<figures/relationship_save_tail_1000c_200000t_015.png, id=230, 412.4208pt x 263
.7855pt>
File: figures/relationship_save_tail_1000c_200000t_015.png Graphic file (type p
ng)
<use figures/relationship_save_tail_1000c_200000t_015.png>
Package pdftex.def Info: figures/relationship_save_tail_1000c_200000t_015.png  
used on input line 300.
(pdftex.def)             Requested size: 180.0pt x 115.13216pt.
<figures/relationship_mem_save_1000c_200000t.png, id=231, 395.076pt x 264.0264p
t>
File: figures/relationship_mem_save_1000c_200000t.png Graphic file (type png)
<use figures/relationship_mem_save_1000c_200000t.png>
Package pdftex.def Info: figures/relationship_mem_save_1000c_200000t.png  used 
on input line 307.
(pdftex.def)             Requested size: 395.07503pt x 264.02574pt.

Overfull \hbox (35.07503pt too wide) in paragraph at lines 307--308
[][] 
 []

[15 <./figures/relationship_save_1000c_200000t.png> <./figures/relationship_sav
e_tail_1000c_200000t_005.png> <./figures/relationship_save_tail_1000c_200000t_0
15.png>]
Underfull \hbox (badness 10000) in paragraph at lines 319--320
[]\OT1/cmr/m/n/10.95 Morten Hjorth-Jensen. 2018. Com-pu-ta-tional Physics:
 []


Underfull \hbox (badness 10000) in paragraph at lines 319--320
\OT1/cmr/m/n/10.95 Stock mar-ket model. [ON-LINE] Avail-able at:
 []


Overfull \hbox (392.1747pt too wide) in paragraph at lines 319--320
\OT1/cmr/m/n/10.95 https://github.com/CompPhysics/ComputationalPhysics/blob/mas
ter/doc/Projects/2018/Project5/FinancialEngineering/pdf/FinancialEngineering.pd
f.
 []

Package atveryend Info: Empty hook `BeforeClearDocument' on input line 323.
[16 <./figures/relationship_mem_save_1000c_200000t.png>]
Package atveryend Info: Empty hook `AfterLastShipout' on input line 323.

(project_5_silverberg.aux)
Package atveryend Info: Executing hook `AtVeryEndDocument' on input line 323.
Package atveryend Info: Executing hook `AtEndAfterFileList' on input line 323.
Package rerunfilecheck Info: File `project_5_silverberg.out' has not changed.
(rerunfilecheck)             Checksum: 90E5F565DF9472E6DA3E63AE402CD14D;1123.
Package atveryend Info: Empty hook `AtVeryVeryEnd' on input line 323.
 ) 
Here is how much of TeX's memory you used:
 8032 strings out of 492973
 125261 string characters out of 3126692
 219981 words of memory out of 3000000
 11722 multiletter control sequences out of 15000+200000
 11635 words of font info for 43 fonts, out of 3000000 for 9000
 1141 hyphenation exceptions out of 8191
 44i,12n,42p,850b,455s stack positions out of 5000i,500n,10000p,200000b,50000s
<C:/Users/marcu/AppData/Local/Programs/MiKTeX 2.9/fonts/type1/public/amsfonts
/cm/cmbx10.pfb><C:/Users/marcu/AppData/Local/Programs/MiKTeX 2.9/fonts/type1/pu
blic/amsfonts/cm/cmbx12.pfb><C:/Users/marcu/AppData/Local/Programs/MiKTeX 2.9/f
onts/type1/public/amsfonts/cm/cmex10.pfb><C:/Users/marcu/AppData/Local/Programs
/MiKTeX 2.9/fonts/type1/public/amsfonts/cm/cmmi10.pfb><C:/Users/marcu/AppData/L
ocal/Programs/MiKTeX 2.9/fonts/type1/public/amsfonts/cm/cmmi8.pfb><C:/Users/mar
cu/AppData/Local/Programs/MiKTeX 2.9/fonts/type1/public/amsfonts/cm/cmmi9.pfb><
C:/Users/marcu/AppData/Local/Programs/MiKTeX 2.9/fonts/type1/public/amsfonts/cm
/cmr10.pfb><C:/Users/marcu/AppData/Local/Programs/MiKTeX 2.9/fonts/type1/public
/amsfonts/cm/cmr12.pfb><C:/Users/marcu/AppData/Local/Programs/MiKTeX 2.9/fonts/
type1/public/amsfonts/cm/cmr17.pfb><C:/Users/marcu/AppData/Local/Programs/MiKTe
X 2.9/fonts/type1/public/amsfonts/cm/cmr6.pfb><C:/Users/marcu/AppData/Local/Pro
grams/MiKTeX 2.9/fonts/type1/public/amsfonts/cm/cmr7.pfb><C:/Users/marcu/AppDat
a/Local/Programs/MiKTeX 2.9/fonts/type1/public/amsfonts/cm/cmr8.pfb><C:/Users/m
arcu/AppData/Local/Programs/MiKTeX 2.9/fonts/type1/public/amsfonts/cm/cmr9.pfb>
<C:/Users/marcu/AppData/Local/Programs/MiKTeX 2.9/fonts/type1/public/amsfonts/c
m/cmsy10.pfb><C:/Users/marcu/AppData/Local/Programs/MiKTeX 2.9/fonts/type1/publ
ic/amsfonts/cm/cmsy8.pfb><C:/Users/marcu/AppData/Local/Programs/MiKTeX 2.9/font
s/type1/public/amsfonts/cm/cmtt10.pfb><C:/Users/marcu/AppData/Local/Programs/Mi
KTeX 2.9/fonts/type1/public/amsfonts/cm/cmtt9.pfb>
Output written on project_5_silverberg.pdf (16 pages, 1951881 bytes).
PDF statistics:
 327 PDF objects out of 1000 (max. 8388607)
 78 named destinations out of 1000 (max. 500000)
 222 words of extra memory for PDF output out of 10000 (max. 10000000)

